<?xml version="1.0" encoding="UTF-8"?>
<!-- Generated by org.testng.reporters.JUnitXMLReporter -->
<testsuite ignored="0" hostname="DESKTOP-QPCK8II" failures="0" tests="14" name="Test" time="36.486" errors="0" timestamp="2024-06-24T18:35:23 IST">
  <testcase classname="api.Test.UserTestclass" name="Test_createUser" time="6.862"/>
  <testcase classname="api.Test.UserTestclass" name="Test_GetUser" time="1.523"/>
  <testcase classname="api.Test.UserTestclass" name="Test_UpdateUser" time="2.916"/>
  <testcase classname="api.Test.UserTestclass" name="Test_DeleteUser" time="1.409"/>
  <testcase classname="api.Test.UserTestclass2" name="Test_createUser" time="1.381"/>
  <testcase classname="api.Test.UserTestclass2" name="Test_GetUser" time="1.39"/>
  <testcase classname="api.Test.UserTestclass2" name="Test_UpdateUser" time="2.942"/>
  <testcase classname="api.Test.UserTestclass2" name="Test_DeleteUser" time="1.37"/>
  <testcase classname="api.Test.DataDrivenTest" name="test_POST_User" time="1.384"/>
  <testcase classname="api.Test.DataDrivenTest" name="test_POST_User" time="1.412"/>
  <testcase classname="api.Test.DataDrivenTest" name="test_POST_User" time="1.399"/>
  <testcase classname="api.Test.DataDrivenTest" name="test_DELEE_UserByUserName" time="1.501"/>
  <testcase classname="api.Test.DataDrivenTest" name="test_DELEE_UserByUserName" time="1.36"/>
  <testcase classname="api.Test.DataDrivenTest" name="test_DELEE_UserByUserName" time="1.451"/>
</testsuite> <!-- Test -->
