<?xml version="1.0" encoding="UTF-8"?>
<!-- Generated by org.testng.reporters.JUnitXMLReporter -->
<testsuite ignored="0" hostname="DESKTOP-QPCK8II" failures="0" tests="14" name="Test" time="37.676" errors="0" timestamp="2024-06-24T22:44:43 IST">
  <testcase classname="api.Test.UserTest" name="test_createUser" time="7.977"/>
  <testcase classname="api.Test.UserTest" name="test_GetUser" time="1.518"/>
  <testcase classname="api.Test.UserTest" name="test_UpdateUser" time="2.916"/>
  <testcase classname="api.Test.UserTest" name="test_DeleteUser" time="1.405"/>
  <testcase classname="api.Test.User2Test" name="test_createUser" time="1.421"/>
  <testcase classname="api.Test.User2Test" name="test_GetUser" time="1.387"/>
  <testcase classname="api.Test.User2Test" name="test_UpdateUser" time="2.84"/>
  <testcase classname="api.Test.User2Test" name="test_DeleteUser" time="1.416"/>
  <testcase classname="api.Test.DataDrivenTest" name="test_POST_User" time="1.543"/>
  <testcase classname="api.Test.DataDrivenTest" name="test_POST_User" time="1.377"/>
  <testcase classname="api.Test.DataDrivenTest" name="test_POST_User" time="1.356"/>
  <testcase classname="api.Test.DataDrivenTest" name="test_DELEE_UserByUserName" time="1.364"/>
  <testcase classname="api.Test.DataDrivenTest" name="test_DELEE_UserByUserName" time="1.367"/>
  <testcase classname="api.Test.DataDrivenTest" name="test_DELEE_UserByUserName" time="1.384"/>
</testsuite> <!-- Test -->
