<?xml version="1.0" encoding="UTF-8"?>
<testng-results ignored="0" total="20" passed="20" failed="0" skipped="0">
  <reporter-output>
  </reporter-output>
  <suite started-at="2024-06-24T22:44:05 IST" name="Suite" finished-at="2024-06-24T22:44:42 IST" duration-ms="37676">
    <groups>
    </groups>
    <test started-at="2024-06-24T22:44:05 IST" name="Test" finished-at="2024-06-24T22:44:42 IST" duration-ms="37676">
      <class name="api.Test.User2Test">
        <test-method is-config="true" signature="test_setup_TestData()[pri:0, instance:api.Test.User2Test@1a6d8329]" started-at="2024-06-24T22:44:22 IST" name="test_setup_TestData" finished-at="2024-06-24T22:44:23 IST" duration-ms="278" status="PASS">
          <reporter-output>
          </reporter-output>
        </test-method> <!-- test_setup_TestData -->
        <test-method signature="test_createUser()[pri:1, instance:api.Test.User2Test@1a6d8329]" started-at="2024-06-24T22:44:23 IST" name="test_createUser" finished-at="2024-06-24T22:44:24 IST" duration-ms="1421" status="PASS">
          <reporter-output>
          </reporter-output>
        </test-method> <!-- test_createUser -->
        <test-method signature="test_GetUser()[pri:2, instance:api.Test.User2Test@1a6d8329]" started-at="2024-06-24T22:44:24 IST" name="test_GetUser" finished-at="2024-06-24T22:44:25 IST" duration-ms="1387" status="PASS">
          <reporter-output>
          </reporter-output>
        </test-method> <!-- test_GetUser -->
        <test-method signature="test_UpdateUser()[pri:3, instance:api.Test.User2Test@1a6d8329]" started-at="2024-06-24T22:44:25 IST" name="test_UpdateUser" finished-at="2024-06-24T22:44:28 IST" duration-ms="2840" status="PASS">
          <reporter-output>
          </reporter-output>
        </test-method> <!-- test_UpdateUser -->
        <test-method signature="test_DeleteUser()[pri:4, instance:api.Test.User2Test@1a6d8329]" started-at="2024-06-24T22:44:28 IST" name="test_DeleteUser" finished-at="2024-06-24T22:44:30 IST" duration-ms="1416" status="PASS">
          <reporter-output>
          </reporter-output>
        </test-method> <!-- test_DeleteUser -->
      </class> <!-- api.Test.User2Test -->
      <class name="api.Test.UserTest">
        <test-method is-config="true" signature="test_setup_TestData()[pri:0, instance:api.Test.UserTest@6c1a5b54]" started-at="2024-06-24T22:44:06 IST" name="test_setup_TestData" finished-at="2024-06-24T22:44:08 IST" duration-ms="2910" status="PASS">
          <reporter-output>
          </reporter-output>
        </test-method> <!-- test_setup_TestData -->
        <test-method signature="test_createUser()[pri:1, instance:api.Test.UserTest@6c1a5b54]" started-at="2024-06-24T22:44:08 IST" name="test_createUser" finished-at="2024-06-24T22:44:16 IST" duration-ms="7977" status="PASS">
          <reporter-output>
          </reporter-output>
        </test-method> <!-- test_createUser -->
        <test-method signature="test_GetUser()[pri:2, instance:api.Test.UserTest@6c1a5b54]" started-at="2024-06-24T22:44:17 IST" name="test_GetUser" finished-at="2024-06-24T22:44:18 IST" duration-ms="1518" status="PASS">
          <reporter-output>
          </reporter-output>
        </test-method> <!-- test_GetUser -->
        <test-method signature="test_UpdateUser()[pri:3, instance:api.Test.UserTest@6c1a5b54]" started-at="2024-06-24T22:44:18 IST" name="test_UpdateUser" finished-at="2024-06-24T22:44:21 IST" duration-ms="2916" status="PASS">
          <reporter-output>
          </reporter-output>
        </test-method> <!-- test_UpdateUser -->
        <test-method signature="test_DeleteUser()[pri:4, instance:api.Test.UserTest@6c1a5b54]" started-at="2024-06-24T22:44:21 IST" name="test_DeleteUser" finished-at="2024-06-24T22:44:22 IST" duration-ms="1405" status="PASS">
          <reporter-output>
          </reporter-output>
        </test-method> <!-- test_DeleteUser -->
      </class> <!-- api.Test.UserTest -->
      <class name="api.Test.DataDrivenTest">
        <test-method signature="test_POST_User(java.lang.String,java.lang.String,java.lang.String,java.lang.String,java.lang.String,java.lang.String,java.lang.String)[pri:1, instance:api.Test.DataDrivenTest@1a942c18]" started-at="2024-06-24T22:44:34 IST" name="test_POST_User" data-provider="Data" finished-at="2024-06-24T22:44:35 IST" duration-ms="1543" status="PASS">
          <params>
            <param index="0">
              <value>
                <![CDATA[1010]]>
              </value>
            </param>
            <param index="1">
              <value>
                <![CDATA[testuser1]]>
              </value>
            </param>
            <param index="2">
              <value>
                <![CDATA[John]]>
              </value>
            </param>
            <param index="3">
              <value>
                <![CDATA[Canedy]]>
              </value>
            </param>
            <param index="4">
              <value>
                <![CDATA[a@gmail.com]]>
              </value>
            </param>
            <param index="5">
              <value>
                <![CDATA[test@1]]>
              </value>
            </param>
            <param index="6">
              <value>
                <![CDATA[1234567897]]>
              </value>
            </param>
          </params>
          <reporter-output>
          </reporter-output>
        </test-method> <!-- test_POST_User -->
        <test-method signature="test_POST_User(java.lang.String,java.lang.String,java.lang.String,java.lang.String,java.lang.String,java.lang.String,java.lang.String)[pri:1, instance:api.Test.DataDrivenTest@1a942c18]" started-at="2024-06-24T22:44:35 IST" name="test_POST_User" data-provider="Data" finished-at="2024-06-24T22:44:37 IST" duration-ms="1377" status="PASS">
          <params>
            <param index="0">
              <value>
                <![CDATA[1020]]>
              </value>
            </param>
            <param index="1">
              <value>
                <![CDATA[testuser2]]>
              </value>
            </param>
            <param index="2">
              <value>
                <![CDATA[Kim]]>
              </value>
            </param>
            <param index="3">
              <value>
                <![CDATA[Kom]]>
              </value>
            </param>
            <param index="4">
              <value>
                <![CDATA[b@gmail.com]]>
              </value>
            </param>
            <param index="5">
              <value>
                <![CDATA[test@2]]>
              </value>
            </param>
            <param index="6">
              <value>
                <![CDATA[1234567897]]>
              </value>
            </param>
          </params>
          <reporter-output>
          </reporter-output>
        </test-method> <!-- test_POST_User -->
        <test-method signature="test_POST_User(java.lang.String,java.lang.String,java.lang.String,java.lang.String,java.lang.String,java.lang.String,java.lang.String)[pri:1, instance:api.Test.DataDrivenTest@1a942c18]" started-at="2024-06-24T22:44:37 IST" name="test_POST_User" data-provider="Data" finished-at="2024-06-24T22:44:38 IST" duration-ms="1356" status="PASS">
          <params>
            <param index="0">
              <value>
                <![CDATA[1030]]>
              </value>
            </param>
            <param index="1">
              <value>
                <![CDATA[testuser3]]>
              </value>
            </param>
            <param index="2">
              <value>
                <![CDATA[Smith]]>
              </value>
            </param>
            <param index="3">
              <value>
                <![CDATA[Steve]]>
              </value>
            </param>
            <param index="4">
              <value>
                <![CDATA[c@gmail.com]]>
              </value>
            </param>
            <param index="5">
              <value>
                <![CDATA[test@3]]>
              </value>
            </param>
            <param index="6">
              <value>
                <![CDATA[1234567897]]>
              </value>
            </param>
          </params>
          <reporter-output>
          </reporter-output>
        </test-method> <!-- test_POST_User -->
        <test-method signature="test_DELEE_UserByUserName(java.lang.String)[pri:2, instance:api.Test.DataDrivenTest@1a942c18]" started-at="2024-06-24T22:44:38 IST" name="test_DELEE_UserByUserName" data-provider="UserNames" finished-at="2024-06-24T22:44:40 IST" duration-ms="1364" status="PASS">
          <params>
            <param index="0">
              <value>
                <![CDATA[testuser1]]>
              </value>
            </param>
          </params>
          <reporter-output>
          </reporter-output>
        </test-method> <!-- test_DELEE_UserByUserName -->
        <test-method signature="test_DELEE_UserByUserName(java.lang.String)[pri:2, instance:api.Test.DataDrivenTest@1a942c18]" started-at="2024-06-24T22:44:40 IST" name="test_DELEE_UserByUserName" data-provider="UserNames" finished-at="2024-06-24T22:44:41 IST" duration-ms="1367" status="PASS">
          <params>
            <param index="0">
              <value>
                <![CDATA[testuser2]]>
              </value>
            </param>
          </params>
          <reporter-output>
          </reporter-output>
        </test-method> <!-- test_DELEE_UserByUserName -->
        <test-method signature="test_DELEE_UserByUserName(java.lang.String)[pri:2, instance:api.Test.DataDrivenTest@1a942c18]" started-at="2024-06-24T22:44:41 IST" name="test_DELEE_UserByUserName" data-provider="UserNames" finished-at="2024-06-24T22:44:42 IST" duration-ms="1384" status="PASS">
          <params>
            <param index="0">
              <value>
                <![CDATA[testuser3]]>
              </value>
            </param>
          </params>
          <reporter-output>
          </reporter-output>
        </test-method> <!-- test_DELEE_UserByUserName -->
      </class> <!-- api.Test.DataDrivenTest -->
    </test> <!-- Test -->
  </suite> <!-- Suite -->
  <suite started-at="2024-06-24T22:44:44 IST" name="Suite (0)" finished-at="2024-06-24T22:44:53 IST" duration-ms="9693">
    <groups>
    </groups>
    <test started-at="2024-06-24T22:44:44 IST" name="UserModule" finished-at="2024-06-24T22:44:53 IST" duration-ms="9693">
      <class name="api.Test.DataDrivenTest">
        <test-method signature="test_POST_User(java.lang.String,java.lang.String,java.lang.String,java.lang.String,java.lang.String,java.lang.String,java.lang.String)[pri:1, instance:api.Test.DataDrivenTest@6bbe85a8]" started-at="2024-06-24T22:44:45 IST" name="test_POST_User" data-provider="Data" finished-at="2024-06-24T22:44:46 IST" duration-ms="1362" status="PASS">
          <params>
            <param index="0">
              <value>
                <![CDATA[1010]]>
              </value>
            </param>
            <param index="1">
              <value>
                <![CDATA[testuser1]]>
              </value>
            </param>
            <param index="2">
              <value>
                <![CDATA[John]]>
              </value>
            </param>
            <param index="3">
              <value>
                <![CDATA[Canedy]]>
              </value>
            </param>
            <param index="4">
              <value>
                <![CDATA[a@gmail.com]]>
              </value>
            </param>
            <param index="5">
              <value>
                <![CDATA[test@1]]>
              </value>
            </param>
            <param index="6">
              <value>
                <![CDATA[1234567897]]>
              </value>
            </param>
          </params>
          <reporter-output>
          </reporter-output>
        </test-method> <!-- test_POST_User -->
        <test-method signature="test_POST_User(java.lang.String,java.lang.String,java.lang.String,java.lang.String,java.lang.String,java.lang.String,java.lang.String)[pri:1, instance:api.Test.DataDrivenTest@6bbe85a8]" started-at="2024-06-24T22:44:46 IST" name="test_POST_User" data-provider="Data" finished-at="2024-06-24T22:44:47 IST" duration-ms="1367" status="PASS">
          <params>
            <param index="0">
              <value>
                <![CDATA[1020]]>
              </value>
            </param>
            <param index="1">
              <value>
                <![CDATA[testuser2]]>
              </value>
            </param>
            <param index="2">
              <value>
                <![CDATA[Kim]]>
              </value>
            </param>
            <param index="3">
              <value>
                <![CDATA[Kom]]>
              </value>
            </param>
            <param index="4">
              <value>
                <![CDATA[b@gmail.com]]>
              </value>
            </param>
            <param index="5">
              <value>
                <![CDATA[test@2]]>
              </value>
            </param>
            <param index="6">
              <value>
                <![CDATA[1234567897]]>
              </value>
            </param>
          </params>
          <reporter-output>
          </reporter-output>
        </test-method> <!-- test_POST_User -->
        <test-method signature="test_POST_User(java.lang.String,java.lang.String,java.lang.String,java.lang.String,java.lang.String,java.lang.String,java.lang.String)[pri:1, instance:api.Test.DataDrivenTest@6bbe85a8]" started-at="2024-06-24T22:44:47 IST" name="test_POST_User" data-provider="Data" finished-at="2024-06-24T22:44:49 IST" duration-ms="1377" status="PASS">
          <params>
            <param index="0">
              <value>
                <![CDATA[1030]]>
              </value>
            </param>
            <param index="1">
              <value>
                <![CDATA[testuser3]]>
              </value>
            </param>
            <param index="2">
              <value>
                <![CDATA[Smith]]>
              </value>
            </param>
            <param index="3">
              <value>
                <![CDATA[Steve]]>
              </value>
            </param>
            <param index="4">
              <value>
                <![CDATA[c@gmail.com]]>
              </value>
            </param>
            <param index="5">
              <value>
                <![CDATA[test@3]]>
              </value>
            </param>
            <param index="6">
              <value>
                <![CDATA[1234567897]]>
              </value>
            </param>
          </params>
          <reporter-output>
          </reporter-output>
        </test-method> <!-- test_POST_User -->
        <test-method signature="test_DELEE_UserByUserName(java.lang.String)[pri:2, instance:api.Test.DataDrivenTest@6bbe85a8]" started-at="2024-06-24T22:44:49 IST" name="test_DELEE_UserByUserName" data-provider="UserNames" finished-at="2024-06-24T22:44:51 IST" duration-ms="1376" status="PASS">
          <params>
            <param index="0">
              <value>
                <![CDATA[testuser1]]>
              </value>
            </param>
          </params>
          <reporter-output>
          </reporter-output>
        </test-method> <!-- test_DELEE_UserByUserName -->
        <test-method signature="test_DELEE_UserByUserName(java.lang.String)[pri:2, instance:api.Test.DataDrivenTest@6bbe85a8]" started-at="2024-06-24T22:44:51 IST" name="test_DELEE_UserByUserName" data-provider="UserNames" finished-at="2024-06-24T22:44:52 IST" duration-ms="1361" status="PASS">
          <params>
            <param index="0">
              <value>
                <![CDATA[testuser2]]>
              </value>
            </param>
          </params>
          <reporter-output>
          </reporter-output>
        </test-method> <!-- test_DELEE_UserByUserName -->
        <test-method signature="test_DELEE_UserByUserName(java.lang.String)[pri:2, instance:api.Test.DataDrivenTest@6bbe85a8]" started-at="2024-06-24T22:44:52 IST" name="test_DELEE_UserByUserName" data-provider="UserNames" finished-at="2024-06-24T22:44:53 IST" duration-ms="1326" status="PASS">
          <params>
            <param index="0">
              <value>
                <![CDATA[testuser3]]>
              </value>
            </param>
          </params>
          <reporter-output>
          </reporter-output>
        </test-method> <!-- test_DELEE_UserByUserName -->
      </class> <!-- api.Test.DataDrivenTest -->
    </test> <!-- UserModule -->
  </suite> <!-- Suite (0) -->
</testng-results>
