<?xml version="1.0" encoding="UTF-8"?>
<!-- Generated by org.testng.reporters.JUnitXMLReporter -->
<testsuite ignored="0" hostname="DESKTOP-QPCK8II" failures="0" tests="6" name="UserModule" time="9.693" errors="0" timestamp="2024-06-24T22:44:54 IST">
  <testcase classname="api.Test.DataDrivenTest" name="test_POST_User" time="1.362"/>
  <testcase classname="api.Test.DataDrivenTest" name="test_POST_User" time="1.367"/>
  <testcase classname="api.Test.DataDrivenTest" name="test_POST_User" time="1.377"/>
  <testcase classname="api.Test.DataDrivenTest" name="test_DELEE_UserByUserName" time="1.376"/>
  <testcase classname="api.Test.DataDrivenTest" name="test_DELEE_UserByUserName" time="1.361"/>
  <testcase classname="api.Test.DataDrivenTest" name="test_DELEE_UserByUserName" time="1.326"/>
</testsuite> <!-- UserModule -->
